<?xml version="1.0" encoding="UTF-8"?>
<!-- Generated by org.testng.reporters.JUnitReportReporter -->
<testsuite hostname="home" failures="0" tests="5" name="MnpStepDefinition.LoginStepDefinition" time="14.652" errors="0" timestamp="2021-09-19T20:10:06 IST" skipped="0">
  <testcase classname="MnpStepDefinition.LoginStepDefinition" name="user_opens_browser" time="4.828"/>
  <system-out/>
  <testcase classname="MnpStepDefinition.LoginStepDefinition" name="user_is_on_login_page" time="0.091"/>
  <system-out/>
  <testcase classname="MnpStepDefinition.LoginStepDefinition" name="user_enters_username_and_password" time="0.428"/>
  <system-out/>
  <testcase classname="MnpStepDefinition.LoginStepDefinition" name="validate_home_page_title" time="5.434"/>
  <system-out/>
  <testcase classname="MnpStepDefinition.LoginStepDefinition" name="validate_logged_in_username" time="3.871"/>
  <system-out/>
</testsuite> <!-- MnpStepDefinition.LoginStepDefinition -->
